{"meta": {"format": 3, "version": "7.10.1", "timestamp": "2025-08-03T13:42:38.172223", "branch_coverage": false, "show_contexts": false}, "files": {"aceflow_mcp_server\\__init__.py": {"executed_lines": [1, 6, 7, 8, 10, 12], "summary": {"covered_lines": 5, "num_statements": 5, "percent_covered": 100.0, "percent_covered_display": "100", "missing_lines": 0, "excluded_lines": 0}, "missing_lines": [], "excluded_lines": [], "functions": {"": {"executed_lines": [1, 6, 7, 8, 10, 12], "summary": {"covered_lines": 5, "num_statements": 5, "percent_covered": 100.0, "percent_covered_display": "100", "missing_lines": 0, "excluded_lines": 0}, "missing_lines": [], "excluded_lines": []}}, "classes": {"": {"executed_lines": [1, 6, 7, 8, 10, 12], "summary": {"covered_lines": 5, "num_statements": 5, "percent_covered": 100.0, "percent_covered_display": "100", "missing_lines": 0, "excluded_lines": 0}, "missing_lines": [], "excluded_lines": []}}}, "aceflow_mcp_server\\__main__.py": {"executed_lines": [1, 2, 3, 5], "summary": {"covered_lines": 3, "num_statements": 4, "percent_covered": 75.0, "percent_covered_display": "75", "missing_lines": 1, "excluded_lines": 0}, "missing_lines": [6], "excluded_lines": [], "functions": {"": {"executed_lines": [1, 2, 3, 5], "summary": {"covered_lines": 3, "num_statements": 4, "percent_covered": 75.0, "percent_covered_display": "75", "missing_lines": 1, "excluded_lines": 0}, "missing_lines": [6], "excluded_lines": []}}, "classes": {"": {"executed_lines": [1, 2, 3, 5], "summary": {"covered_lines": 3, "num_statements": 4, "percent_covered": 75.0, "percent_covered_display": "75", "missing_lines": 1, "excluded_lines": 0}, "missing_lines": [6], "excluded_lines": []}}}, "aceflow_mcp_server\\core\\__init__.py": {"executed_lines": [1, 3, 5, 6, 7], "summary": {"covered_lines": 4, "num_statements": 4, "percent_covered": 100.0, "percent_covered_display": "100", "missing_lines": 0, "excluded_lines": 0}, "missing_lines": [], "excluded_lines": [], "functions": {"": {"executed_lines": [1, 3, 5, 6, 7], "summary": {"covered_lines": 4, "num_statements": 4, "percent_covered": 100.0, "percent_covered_display": "100", "missing_lines": 0, "excluded_lines": 0}, "missing_lines": [], "excluded_lines": []}}, "classes": {"": {"executed_lines": [1, 3, 5, 6, 7], "summary": {"covered_lines": 4, "num_statements": 4, "percent_covered": 100.0, "percent_covered_display": "100", "missing_lines": 0, "excluded_lines": 0}, "missing_lines": [], "excluded_lines": []}}}, "aceflow_mcp_server\\core\\project_manager.py": {"executed_lines": [1, 3, 4, 5, 6, 9, 10, 12, 13, 15, 24, 31, 34, 35, 36, 37, 38, 40, 42, 43, 44, 45, 47, 49, 51, 53, 55, 57, 60, 61, 63, 65, 71, 72, 74, 76, 78, 82], "summary": {"covered_lines": 34, "num_statements": 36, "percent_covered": 94.44444444444444, "percent_covered_display": "94", "missing_lines": 2, "excluded_lines": 0}, "missing_lines": [80, 84], "excluded_lines": [], "functions": {"ProjectManager.__init__": {"executed_lines": [13], "summary": {"covered_lines": 1, "num_statements": 1, "percent_covered": 100.0, "percent_covered_display": "100", "missing_lines": 0, "excluded_lines": 0}, "missing_lines": [], "excluded_lines": []}, "ProjectManager.initialize_project": {"executed_lines": [24], "summary": {"covered_lines": 1, "num_statements": 1, "percent_covered": 100.0, "percent_covered_display": "100", "missing_lines": 0, "excluded_lines": 0}, "missing_lines": [], "excluded_lines": []}, "ProjectManager.get_current_state": {"executed_lines": [34, 35, 36, 37, 38], "summary": {"covered_lines": 5, "num_statements": 5, "percent_covered": 100.0, "percent_covered_display": "100", "missing_lines": 0, "excluded_lines": 0}, "missing_lines": [], "excluded_lines": []}, "ProjectManager.get_workflow_config": {"executed_lines": [42, 43, 44, 45], "summary": {"covered_lines": 4, "num_statements": 4, "percent_covered": 100.0, "percent_covered_display": "100", "missing_lines": 0, "excluded_lines": 0}, "missing_lines": [], "excluded_lines": []}, "ProjectManager.get_stage_guide": {"executed_lines": [49], "summary": {"covered_lines": 1, "num_statements": 1, "percent_covered": 100.0, "percent_covered_display": "100", "missing_lines": 0, "excluded_lines": 0}, "missing_lines": [], "excluded_lines": []}, "ProjectManager.get_validator": {"executed_lines": [53], "summary": {"covered_lines": 1, "num_statements": 1, "percent_covered": 100.0, "percent_covered_display": "100", "missing_lines": 0, "excluded_lines": 0}, "missing_lines": [], "excluded_lines": []}, "ProjectManager.get_template_manager": {"executed_lines": [57], "summary": {"covered_lines": 1, "num_statements": 1, "percent_covered": 100.0, "percent_covered_display": "100", "missing_lines": 0, "excluded_lines": 0}, "missing_lines": [], "excluded_lines": []}, "ProjectValidator.validate": {"executed_lines": [65], "summary": {"covered_lines": 1, "num_statements": 1, "percent_covered": 100.0, "percent_covered_display": "100", "missing_lines": 0, "excluded_lines": 0}, "missing_lines": [], "excluded_lines": []}, "TemplateManager.list_templates": {"executed_lines": [76], "summary": {"covered_lines": 1, "num_statements": 1, "percent_covered": 100.0, "percent_covered_display": "100", "missing_lines": 0, "excluded_lines": 0}, "missing_lines": [], "excluded_lines": []}, "TemplateManager.apply_template": {"executed_lines": [], "summary": {"covered_lines": 0, "num_statements": 1, "percent_covered": 0.0, "percent_covered_display": "0", "missing_lines": 1, "excluded_lines": 0}, "missing_lines": [80], "excluded_lines": []}, "TemplateManager.validate_current_template": {"executed_lines": [], "summary": {"covered_lines": 0, "num_statements": 1, "percent_covered": 0.0, "percent_covered_display": "0", "missing_lines": 1, "excluded_lines": 0}, "missing_lines": [84], "excluded_lines": []}, "": {"executed_lines": [1, 3, 4, 5, 6, 9, 10, 12, 15, 31, 40, 47, 51, 55, 60, 61, 63, 71, 72, 74, 78, 82], "summary": {"covered_lines": 18, "num_statements": 18, "percent_covered": 100.0, "percent_covered_display": "100", "missing_lines": 0, "excluded_lines": 0}, "missing_lines": [], "excluded_lines": []}}, "classes": {"ProjectManager": {"executed_lines": [13, 24, 34, 35, 36, 37, 38, 42, 43, 44, 45, 49, 53, 57], "summary": {"covered_lines": 14, "num_statements": 14, "percent_covered": 100.0, "percent_covered_display": "100", "missing_lines": 0, "excluded_lines": 0}, "missing_lines": [], "excluded_lines": []}, "ProjectValidator": {"executed_lines": [65], "summary": {"covered_lines": 1, "num_statements": 1, "percent_covered": 100.0, "percent_covered_display": "100", "missing_lines": 0, "excluded_lines": 0}, "missing_lines": [], "excluded_lines": []}, "TemplateManager": {"executed_lines": [76], "summary": {"covered_lines": 1, "num_statements": 3, "percent_covered": 33.333333333333336, "percent_covered_display": "33", "missing_lines": 2, "excluded_lines": 0}, "missing_lines": [80, 84], "excluded_lines": []}, "": {"executed_lines": [1, 3, 4, 5, 6, 9, 10, 12, 15, 31, 40, 47, 51, 55, 60, 61, 63, 71, 72, 74, 78, 82], "summary": {"covered_lines": 18, "num_statements": 18, "percent_covered": 100.0, "percent_covered_display": "100", "missing_lines": 0, "excluded_lines": 0}, "missing_lines": [], "excluded_lines": []}}}, "aceflow_mcp_server\\core\\template_manager.py": {"executed_lines": [1, 3, 4, 5, 8, 9, 11, 12, 13, 15, 17, 22, 25, 26, 27, 28, 29, 30, 33, 35, 37, 38, 41, 47, 49, 50, 52], "summary": {"covered_lines": 25, "num_statements": 27, "percent_covered": 92.5925925925926, "percent_covered_display": "93", "missing_lines": 2, "excluded_lines": 0}, "missing_lines": [31, 32], "excluded_lines": [], "functions": {"TemplateManager.__init__": {"executed_lines": [12, 13], "summary": {"covered_lines": 2, "num_statements": 2, "percent_covered": 100.0, "percent_covered_display": "100", "missing_lines": 0, "excluded_lines": 0}, "missing_lines": [], "excluded_lines": []}, "TemplateManager.list_templates": {"executed_lines": [17], "summary": {"covered_lines": 1, "num_statements": 1, "percent_covered": 100.0, "percent_covered_display": "100", "missing_lines": 0, "excluded_lines": 0}, "missing_lines": [], "excluded_lines": []}, "TemplateManager.get_current_template": {"executed_lines": [25, 26, 27, 28, 29, 30, 33], "summary": {"covered_lines": 7, "num_statements": 9, "percent_covered": 77.77777777777777, "percent_covered_display": "78", "missing_lines": 2, "excluded_lines": 0}, "missing_lines": [31, 32], "excluded_lines": []}, "TemplateManager.apply_template": {"executed_lines": [37, 38, 41], "summary": {"covered_lines": 3, "num_statements": 3, "percent_covered": 100.0, "percent_covered_display": "100", "missing_lines": 0, "excluded_lines": 0}, "missing_lines": [], "excluded_lines": []}, "TemplateManager.validate_current_template": {"executed_lines": [49, 50, 52], "summary": {"covered_lines": 3, "num_statements": 3, "percent_covered": 100.0, "percent_covered_display": "100", "missing_lines": 0, "excluded_lines": 0}, "missing_lines": [], "excluded_lines": []}, "": {"executed_lines": [1, 3, 4, 5, 8, 9, 11, 15, 22, 35, 47], "summary": {"covered_lines": 9, "num_statements": 9, "percent_covered": 100.0, "percent_covered_display": "100", "missing_lines": 0, "excluded_lines": 0}, "missing_lines": [], "excluded_lines": []}}, "classes": {"TemplateManager": {"executed_lines": [12, 13, 17, 25, 26, 27, 28, 29, 30, 33, 37, 38, 41, 49, 50, 52], "summary": {"covered_lines": 16, "num_statements": 18, "percent_covered": 88.88888888888889, "percent_covered_display": "89", "missing_lines": 2, "excluded_lines": 0}, "missing_lines": [31, 32], "excluded_lines": []}, "": {"executed_lines": [1, 3, 4, 5, 8, 9, 11, 15, 22, 35, 47], "summary": {"covered_lines": 9, "num_statements": 9, "percent_covered": 100.0, "percent_covered_display": "100", "missing_lines": 0, "excluded_lines": 0}, "missing_lines": [], "excluded_lines": []}}}, "aceflow_mcp_server\\core\\workflow_engine.py": {"executed_lines": [1, 3, 4, 5, 8, 9, 11, 12, 14, 17, 24, 27, 33, 35, 46, 48], "summary": {"covered_lines": 14, "num_statements": 14, "percent_covered": 100.0, "percent_covered_display": "100", "missing_lines": 0, "excluded_lines": 0}, "missing_lines": [], "excluded_lines": [], "functions": {"WorkflowEngine.__init__": {"executed_lines": [12], "summary": {"covered_lines": 1, "num_statements": 1, "percent_covered": 100.0, "percent_covered_display": "100", "missing_lines": 0, "excluded_lines": 0}, "missing_lines": [], "excluded_lines": []}, "WorkflowEngine.get_current_status": {"executed_lines": [17], "summary": {"covered_lines": 1, "num_statements": 1, "percent_covered": 100.0, "percent_covered_display": "100", "missing_lines": 0, "excluded_lines": 0}, "missing_lines": [], "excluded_lines": []}, "WorkflowEngine.advance_to_next_stage": {"executed_lines": [27], "summary": {"covered_lines": 1, "num_statements": 1, "percent_covered": 100.0, "percent_covered_display": "100", "missing_lines": 0, "excluded_lines": 0}, "missing_lines": [], "excluded_lines": []}, "WorkflowEngine.list_all_stages": {"executed_lines": [35], "summary": {"covered_lines": 1, "num_statements": 1, "percent_covered": 100.0, "percent_covered_display": "100", "missing_lines": 0, "excluded_lines": 0}, "missing_lines": [], "excluded_lines": []}, "WorkflowEngine.reset_project": {"executed_lines": [48], "summary": {"covered_lines": 1, "num_statements": 1, "percent_covered": 100.0, "percent_covered_display": "100", "missing_lines": 0, "excluded_lines": 0}, "missing_lines": [], "excluded_lines": []}, "": {"executed_lines": [1, 3, 4, 5, 8, 9, 11, 14, 24, 33, 46], "summary": {"covered_lines": 9, "num_statements": 9, "percent_covered": 100.0, "percent_covered_display": "100", "missing_lines": 0, "excluded_lines": 0}, "missing_lines": [], "excluded_lines": []}}, "classes": {"WorkflowEngine": {"executed_lines": [12, 17, 27, 35, 48], "summary": {"covered_lines": 5, "num_statements": 5, "percent_covered": 100.0, "percent_covered_display": "100", "missing_lines": 0, "excluded_lines": 0}, "missing_lines": [], "excluded_lines": []}, "": {"executed_lines": [1, 3, 4, 5, 8, 9, 11, 14, 24, 33, 46], "summary": {"covered_lines": 9, "num_statements": 9, "percent_covered": 100.0, "percent_covered_display": "100", "missing_lines": 0, "excluded_lines": 0}, "missing_lines": [], "excluded_lines": []}}}, "aceflow_mcp_server\\prompts.py": {"executed_lines": [1, 3, 4, 5, 8, 9, 11, 13, 15, 17, 19, 22, 23, 24, 25, 31, 32, 33, 34, 46, 52, 53, 54, 55, 56, 57, 59, 122, 123, 130, 131, 139, 140, 150, 171, 173, 174, 175, 176, 178, 242], "summary": {"covered_lines": 39, "num_statements": 48, "percent_covered": 81.25, "percent_covered_display": "81", "missing_lines": 9, "excluded_lines": 0}, "missing_lines": [26, 29, 36, 40, 41, 152, 153, 244, 245], "excluded_lines": [], "functions": {"AceFlowPrompts.__init__": {"executed_lines": [13], "summary": {"covered_lines": 1, "num_statements": 1, "percent_covered": 100.0, "percent_covered_display": "100", "missing_lines": 0, "excluded_lines": 0}, "missing_lines": [], "excluded_lines": []}, "AceFlowPrompts._get_current_project_state": {"executed_lines": [17, 19, 22, 23, 24, 25, 31, 32, 33, 34], "summary": {"covered_lines": 10, "num_statements": 15, "percent_covered": 66.66666666666667, "percent_covered_display": "67", "missing_lines": 5, "excluded_lines": 0}, "missing_lines": [26, 29, 36, 40, 41], "excluded_lines": []}, "AceFlowPrompts.workflow_assistant": {"executed_lines": [52, 53, 54, 55, 56, 57, 59, 122, 123, 130, 131, 139, 140, 150], "summary": {"covered_lines": 14, "num_statements": 16, "percent_covered": 87.5, "percent_covered_display": "88", "missing_lines": 2, "excluded_lines": 0}, "missing_lines": [152, 153], "excluded_lines": []}, "AceFlowPrompts.stage_guide": {"executed_lines": [173, 174, 175, 176, 178, 242], "summary": {"covered_lines": 6, "num_statements": 8, "percent_covered": 75.0, "percent_covered_display": "75", "missing_lines": 2, "excluded_lines": 0}, "missing_lines": [244, 245], "excluded_lines": []}, "": {"executed_lines": [1, 3, 4, 5, 8, 9, 11, 15, 46, 171], "summary": {"covered_lines": 8, "num_statements": 8, "percent_covered": 100.0, "percent_covered_display": "100", "missing_lines": 0, "excluded_lines": 0}, "missing_lines": [], "excluded_lines": []}}, "classes": {"AceFlowPrompts": {"executed_lines": [13, 17, 19, 22, 23, 24, 25, 31, 32, 33, 34, 52, 53, 54, 55, 56, 57, 59, 122, 123, 130, 131, 139, 140, 150, 173, 174, 175, 176, 178, 242], "summary": {"covered_lines": 31, "num_statements": 40, "percent_covered": 77.5, "percent_covered_display": "78", "missing_lines": 9, "excluded_lines": 0}, "missing_lines": [26, 29, 36, 40, 41, 152, 153, 244, 245], "excluded_lines": []}, "": {"executed_lines": [1, 3, 4, 5, 8, 9, 11, 15, 46, 171], "summary": {"covered_lines": 8, "num_statements": 8, "percent_covered": 100.0, "percent_covered_display": "100", "missing_lines": 0, "excluded_lines": 0}, "missing_lines": [], "excluded_lines": []}}}, "aceflow_mcp_server\\resources.py": {"executed_lines": [1, 3, 4, 5, 6, 9, 10, 12, 14, 16, 17, 19, 21, 22, 24, 25, 27, 30, 31, 32, 33, 36, 38, 39, 41, 42, 43, 45, 46, 47, 48, 51, 67, 69, 70, 75, 77, 78, 80, 81, 82, 84, 85, 86, 89, 95, 97, 103, 113, 114, 116, 118, 392, 393, 394, 396], "summary": {"covered_lines": 54, "num_statements": 59, "percent_covered": 91.52542372881356, "percent_covered_display": "92", "missing_lines": 5, "excluded_lines": 0}, "missing_lines": [105, 106, 111, 414, 415], "excluded_lines": [], "functions": {"AceFlowResources.__init__": {"executed_lines": [14], "summary": {"covered_lines": 1, "num_statements": 1, "percent_covered": 100.0, "percent_covered_display": "100", "missing_lines": 0, "excluded_lines": 0}, "missing_lines": [], "excluded_lines": []}, "AceFlowResources._get_current_directory": {"executed_lines": [19], "summary": {"covered_lines": 1, "num_statements": 1, "percent_covered": 100.0, "percent_covered_display": "100", "missing_lines": 0, "excluded_lines": 0}, "missing_lines": [], "excluded_lines": []}, "AceFlowResources._find_aceflow_project_root": {"executed_lines": [24, 25, 27, 30, 31, 32, 33, 36], "summary": {"covered_lines": 8, "num_statements": 8, "percent_covered": 100.0, "percent_covered_display": "100", "missing_lines": 0, "excluded_lines": 0}, "missing_lines": [], "excluded_lines": []}, "AceFlowResources.project_state": {"executed_lines": [41, 42, 43, 45, 46, 47, 48, 51, 67, 69, 70, 75], "summary": {"covered_lines": 12, "num_statements": 12, "percent_covered": 100.0, "percent_covered_display": "100", "missing_lines": 0, "excluded_lines": 0}, "missing_lines": [], "excluded_lines": []}, "AceFlowResources.workflow_config": {"executed_lines": [80, 81, 82, 84, 85, 86, 89, 95, 97, 103], "summary": {"covered_lines": 10, "num_statements": 13, "percent_covered": 76.92307692307692, "percent_covered_display": "77", "missing_lines": 3, "excluded_lines": 0}, "missing_lines": [105, 106, 111], "excluded_lines": []}, "AceFlowResources.stage_guide": {"executed_lines": [116, 118, 392, 393, 394, 396], "summary": {"covered_lines": 6, "num_statements": 8, "percent_covered": 75.0, "percent_covered_display": "75", "missing_lines": 2, "excluded_lines": 0}, "missing_lines": [414, 415], "excluded_lines": []}, "": {"executed_lines": [1, 3, 4, 5, 6, 9, 10, 12, 16, 17, 21, 22, 38, 39, 77, 78, 113, 114], "summary": {"covered_lines": 16, "num_statements": 16, "percent_covered": 100.0, "percent_covered_display": "100", "missing_lines": 0, "excluded_lines": 0}, "missing_lines": [], "excluded_lines": []}}, "classes": {"AceFlowResources": {"executed_lines": [14, 19, 24, 25, 27, 30, 31, 32, 33, 36, 41, 42, 43, 45, 46, 47, 48, 51, 67, 69, 70, 75, 80, 81, 82, 84, 85, 86, 89, 95, 97, 103, 116, 118, 392, 393, 394, 396], "summary": {"covered_lines": 38, "num_statements": 43, "percent_covered": 88.37209302325581, "percent_covered_display": "88", "missing_lines": 5, "excluded_lines": 0}, "missing_lines": [105, 106, 111, 414, 415], "excluded_lines": []}, "": {"executed_lines": [1, 3, 4, 5, 6, 9, 10, 12, 16, 17, 21, 22, 38, 39, 77, 78, 113, 114], "summary": {"covered_lines": 16, "num_statements": 16, "percent_covered": 100.0, "percent_covered_display": "100", "missing_lines": 0, "excluded_lines": 0}, "missing_lines": [], "excluded_lines": []}}}, "aceflow_mcp_server\\server.py": {"executed_lines": [1, 3, 4, 5, 6, 7, 8, 11, 14, 15, 16, 19, 20, 28, 29, 36, 37, 45, 46, 54, 55, 59, 60, 64, 65, 70, 71, 78, 79, 84, 85, 87, 89, 91, 96, 97, 98, 99, 100, 101, 107], "summary": {"covered_lines": 39, "num_statements": 52, "percent_covered": 75.0, "percent_covered_display": "75", "missing_lines": 13, "excluded_lines": 0}, "missing_lines": [26, 34, 43, 51, 57, 62, 67, 76, 81, 93, 103, 104, 108], "excluded_lines": [], "functions": {"aceflow_init": {"executed_lines": [], "summary": {"covered_lines": 0, "num_statements": 1, "percent_covered": 0.0, "percent_covered_display": "0", "missing_lines": 1, "excluded_lines": 0}, "missing_lines": [26], "excluded_lines": []}, "aceflow_stage": {"executed_lines": [], "summary": {"covered_lines": 0, "num_statements": 1, "percent_covered": 0.0, "percent_covered_display": "0", "missing_lines": 1, "excluded_lines": 0}, "missing_lines": [34], "excluded_lines": []}, "aceflow_validate": {"executed_lines": [], "summary": {"covered_lines": 0, "num_statements": 1, "percent_covered": 0.0, "percent_covered_display": "0", "missing_lines": 1, "excluded_lines": 0}, "missing_lines": [43], "excluded_lines": []}, "aceflow_template": {"executed_lines": [], "summary": {"covered_lines": 0, "num_statements": 1, "percent_covered": 0.0, "percent_covered_display": "0", "missing_lines": 1, "excluded_lines": 0}, "missing_lines": [51], "excluded_lines": []}, "project_state": {"executed_lines": [], "summary": {"covered_lines": 0, "num_statements": 1, "percent_covered": 0.0, "percent_covered_display": "0", "missing_lines": 1, "excluded_lines": 0}, "missing_lines": [57], "excluded_lines": []}, "workflow_config": {"executed_lines": [], "summary": {"covered_lines": 0, "num_statements": 1, "percent_covered": 0.0, "percent_covered_display": "0", "missing_lines": 1, "excluded_lines": 0}, "missing_lines": [62], "excluded_lines": []}, "stage_guide": {"executed_lines": [], "summary": {"covered_lines": 0, "num_statements": 1, "percent_covered": 0.0, "percent_covered_display": "0", "missing_lines": 1, "excluded_lines": 0}, "missing_lines": [67], "excluded_lines": []}, "workflow_assistant": {"executed_lines": [], "summary": {"covered_lines": 0, "num_statements": 1, "percent_covered": 0.0, "percent_covered_display": "0", "missing_lines": 1, "excluded_lines": 0}, "missing_lines": [76], "excluded_lines": []}, "stage_guide_prompt": {"executed_lines": [], "summary": {"covered_lines": 0, "num_statements": 1, "percent_covered": 0.0, "percent_covered_display": "0", "missing_lines": 1, "excluded_lines": 0}, "missing_lines": [81], "excluded_lines": []}, "AceFlowMCPServer.__init__": {"executed_lines": [89], "summary": {"covered_lines": 1, "num_statements": 1, "percent_covered": 100.0, "percent_covered_display": "100", "missing_lines": 0, "excluded_lines": 0}, "missing_lines": [], "excluded_lines": []}, "AceFlowMCPServer.run": {"executed_lines": [], "summary": {"covered_lines": 0, "num_statements": 1, "percent_covered": 0.0, "percent_covered_display": "0", "missing_lines": 1, "excluded_lines": 0}, "missing_lines": [93], "excluded_lines": []}, "main": {"executed_lines": [], "summary": {"covered_lines": 0, "num_statements": 2, "percent_covered": 0.0, "percent_covered_display": "0", "missing_lines": 2, "excluded_lines": 0}, "missing_lines": [103, 104], "excluded_lines": []}, "": {"executed_lines": [1, 3, 4, 5, 6, 7, 8, 11, 14, 15, 16, 19, 20, 28, 29, 36, 37, 45, 46, 54, 55, 59, 60, 64, 65, 70, 71, 78, 79, 84, 85, 87, 91, 96, 97, 98, 99, 100, 101, 107], "summary": {"covered_lines": 38, "num_statements": 39, "percent_covered": 97.43589743589743, "percent_covered_display": "97", "missing_lines": 1, "excluded_lines": 0}, "missing_lines": [108], "excluded_lines": []}}, "classes": {"AceFlowMCPServer": {"executed_lines": [89], "summary": {"covered_lines": 1, "num_statements": 2, "percent_covered": 50.0, "percent_covered_display": "50", "missing_lines": 1, "excluded_lines": 0}, "missing_lines": [93], "excluded_lines": []}, "": {"executed_lines": [1, 3, 4, 5, 6, 7, 8, 11, 14, 15, 16, 19, 20, 28, 29, 36, 37, 45, 46, 54, 55, 59, 60, 64, 65, 70, 71, 78, 79, 84, 85, 87, 91, 96, 97, 98, 99, 100, 101, 107], "summary": {"covered_lines": 38, "num_statements": 50, "percent_covered": 76.0, "percent_covered_display": "76", "missing_lines": 12, "excluded_lines": 0}, "missing_lines": [26, 34, 43, 51, 57, 62, 67, 76, 81, 103, 104, 108], "excluded_lines": []}}}, "aceflow_mcp_server\\tools.py": {"executed_lines": [1, 3, 4, 5, 6, 7, 8, 9, 12, 15, 16, 17, 19, 20, 38, 39, 41, 43, 44, 45, 46, 47, 48, 50, 66, 68, 69, 70, 77, 78, 80, 83, 86, 90, 91, 93, 94, 101, 103, 104, 124, 126, 128, 130, 131, 132, 135, 136, 137, 140, 158, 159, 160, 161, 164, 165, 166, 167, 168, 171, 172, 173, 174, 175, 178, 179, 180, 181, 182, 183, 184, 187, 188, 189, 190, 191, 193, 205, 207, 213, 215, 217, 249, 251, 414, 416, 418, 484, 486, 525, 527, 541, 542, 543, 544, 549, 550, 551, 556, 557, 558, 565, 566, 567, 573, 586, 602, 603, 604, 606, 627, 641, 642, 643, 644, 652, 653, 654, 659, 660, 665, 666, 667, 673], "summary": {"covered_lines": 122, "num_statements": 146, "percent_covered": 83.56164383561644, "percent_covered_display": "84", "missing_lines": 24, "excluded_lines": 0}, "missing_lines": [21, 23, 24, 25, 27, 28, 29, 30, 31, 33, 34, 35, 87, 115, 117, 118, 198, 199, 579, 580, 620, 621, 679, 680], "excluded_lines": [], "functions": {"AceFlowTools.__init__": {"executed_lines": [43, 44, 45, 46, 47, 48], "summary": {"covered_lines": 6, "num_statements": 6, "percent_covered": 100.0, "percent_covered_display": "100", "missing_lines": 0, "excluded_lines": 0}, "missing_lines": [], "excluded_lines": []}, "AceFlowTools.aceflow_init": {"executed_lines": [66, 68, 69, 70, 77, 78, 80, 83, 86, 90, 91, 93, 94, 101, 103, 104], "summary": {"covered_lines": 16, "num_statements": 20, "percent_covered": 80.0, "percent_covered_display": "80", "missing_lines": 4, "excluded_lines": 0}, "missing_lines": [87, 115, 117, 118], "excluded_lines": []}, "AceFlowTools._initialize_project_structure": {"executed_lines": [126, 128, 130, 131, 132, 135, 136, 137, 140, 158, 159, 160, 161, 164, 165, 166, 167, 168, 171, 172, 173, 174, 175, 178, 179, 180, 181, 182, 183, 184, 187, 188, 189, 190, 191, 193], "summary": {"covered_lines": 36, "num_statements": 38, "percent_covered": 94.73684210526316, "percent_covered_display": "95", "missing_lines": 2, "excluded_lines": 0}, "missing_lines": [198, 199], "excluded_lines": []}, "AceFlowTools._get_stage_count": {"executed_lines": [207, 213], "summary": {"covered_lines": 2, "num_statements": 2, "percent_covered": 100.0, "percent_covered_display": "100", "missing_lines": 0, "excluded_lines": 0}, "missing_lines": [], "excluded_lines": []}, "AceFlowTools._generate_clinerules": {"executed_lines": [217], "summary": {"covered_lines": 1, "num_statements": 1, "percent_covered": 100.0, "percent_covered_display": "100", "missing_lines": 0, "excluded_lines": 0}, "missing_lines": [], "excluded_lines": []}, "AceFlowTools._generate_template_yaml": {"executed_lines": [251, 414], "summary": {"covered_lines": 2, "num_statements": 2, "percent_covered": 100.0, "percent_covered_display": "100", "missing_lines": 0, "excluded_lines": 0}, "missing_lines": [], "excluded_lines": []}, "AceFlowTools._generate_readme": {"executed_lines": [418], "summary": {"covered_lines": 1, "num_statements": 1, "percent_covered": 100.0, "percent_covered_display": "100", "missing_lines": 0, "excluded_lines": 0}, "missing_lines": [], "excluded_lines": []}, "AceFlowTools._get_stage_description": {"executed_lines": [486, 525], "summary": {"covered_lines": 2, "num_statements": 2, "percent_covered": 100.0, "percent_covered_display": "100", "missing_lines": 0, "excluded_lines": 0}, "missing_lines": [], "excluded_lines": []}, "AceFlowTools.aceflow_stage": {"executed_lines": [541, 542, 543, 544, 549, 550, 551, 556, 557, 558, 565, 566, 567, 573], "summary": {"covered_lines": 14, "num_statements": 16, "percent_covered": 87.5, "percent_covered_display": "88", "missing_lines": 2, "excluded_lines": 0}, "missing_lines": [579, 580], "excluded_lines": []}, "AceFlowTools.aceflow_validate": {"executed_lines": [602, 603, 604, 606], "summary": {"covered_lines": 4, "num_statements": 6, "percent_covered": 66.66666666666667, "percent_covered_display": "67", "missing_lines": 2, "excluded_lines": 0}, "missing_lines": [620, 621], "excluded_lines": []}, "AceFlowTools.aceflow_template": {"executed_lines": [641, 642, 643, 644, 652, 653, 654, 659, 660, 665, 666, 667, 673], "summary": {"covered_lines": 13, "num_statements": 15, "percent_covered": 86.66666666666667, "percent_covered_display": "87", "missing_lines": 2, "excluded_lines": 0}, "missing_lines": [679, 680], "excluded_lines": []}, "": {"executed_lines": [1, 3, 4, 5, 6, 7, 8, 9, 12, 15, 16, 17, 19, 20, 38, 39, 41, 50, 124, 205, 215, 249, 416, 484, 527, 586, 627], "summary": {"covered_lines": 25, "num_statements": 37, "percent_covered": 67.56756756756756, "percent_covered_display": "68", "missing_lines": 12, "excluded_lines": 0}, "missing_lines": [21, 23, 24, 25, 27, 28, 29, 30, 31, 33, 34, 35], "excluded_lines": []}}, "classes": {"AceFlowTools": {"executed_lines": [43, 44, 45, 46, 47, 48, 66, 68, 69, 70, 77, 78, 80, 83, 86, 90, 91, 93, 94, 101, 103, 104, 126, 128, 130, 131, 132, 135, 136, 137, 140, 158, 159, 160, 161, 164, 165, 166, 167, 168, 171, 172, 173, 174, 175, 178, 179, 180, 181, 182, 183, 184, 187, 188, 189, 190, 191, 193, 207, 213, 217, 251, 414, 418, 486, 525, 541, 542, 543, 544, 549, 550, 551, 556, 557, 558, 565, 566, 567, 573, 602, 603, 604, 606, 641, 642, 643, 644, 652, 653, 654, 659, 660, 665, 666, 667, 673], "summary": {"covered_lines": 97, "num_statements": 109, "percent_covered": 88.9908256880734, "percent_covered_display": "89", "missing_lines": 12, "excluded_lines": 0}, "missing_lines": [87, 115, 117, 118, 198, 199, 579, 580, 620, 621, 679, 680], "excluded_lines": []}, "": {"executed_lines": [1, 3, 4, 5, 6, 7, 8, 9, 12, 15, 16, 17, 19, 20, 38, 39, 41, 50, 124, 205, 215, 249, 416, 484, 527, 586, 627], "summary": {"covered_lines": 25, "num_statements": 37, "percent_covered": 67.56756756756756, "percent_covered_display": "68", "missing_lines": 12, "excluded_lines": 0}, "missing_lines": [21, 23, 24, 25, 27, 28, 29, 30, 31, 33, 34, 35], "excluded_lines": []}}}}, "totals": {"covered_lines": 339, "num_statements": 395, "percent_covered": 85.82278481012658, "percent_covered_display": "86", "missing_lines": 56, "excluded_lines": 0}}